mode: set
github.com/decisiveai/mdai-event-hub/configMap.go:42.68,44.16 2 0
github.com/decisiveai/mdai-event-hub/configMap.go:44.16,46.3 1 0
github.com/decisiveai/mdai-event-hub/configMap.go:48.2,49.16 2 0
github.com/decisiveai/mdai-event-hub/configMap.go:49.16,51.3 1 0
github.com/decisiveai/mdai-event-hub/configMap.go:54.2,55.21 2 0
github.com/decisiveai/mdai-event-hub/configMap.go:55.21,57.17 2 0
github.com/decisiveai/mdai-event-hub/configMap.go:57.17,59.4 1 0
github.com/decisiveai/mdai-event-hub/configMap.go:59.9,61.4 1 0
github.com/decisiveai/mdai-event-hub/configMap.go:64.2,70.8 1 0
github.com/decisiveai/mdai-event-hub/configMap.go:74.124,81.13 5 0
github.com/decisiveai/mdai-event-hub/configMap.go:81.13,102.17 9 0
github.com/decisiveai/mdai-event-hub/configMap.go:102.17,105.4 1 0
github.com/decisiveai/mdai-event-hub/configMap.go:108.2,113.33 4 0
github.com/decisiveai/mdai-event-hub/configMap.go:113.33,116.62 2 0
github.com/decisiveai/mdai-event-hub/configMap.go:116.62,118.12 2 0
github.com/decisiveai/mdai-event-hub/configMap.go:121.3,121.23 1 0
github.com/decisiveai/mdai-event-hub/configMap.go:124.2,124.20 1 0
github.com/decisiveai/mdai-event-hub/configMap.go:127.38,131.43 3 0
github.com/decisiveai/mdai-event-hub/configMap.go:131.43,134.3 2 0
github.com/decisiveai/mdai-event-hub/configMap.go:137.61,141.52 3 0
github.com/decisiveai/mdai-event-hub/configMap.go:141.52,145.3 3 0
github.com/decisiveai/mdai-event-hub/configMap.go:148.45,152.6 3 0
github.com/decisiveai/mdai-event-hub/configMap.go:152.6,153.10 1 0
github.com/decisiveai/mdai-event-hub/configMap.go:154.23,156.10 2 0
github.com/decisiveai/mdai-event-hub/configMap.go:157.11,157.11 0 0
github.com/decisiveai/mdai-event-hub/configMap.go:161.3,166.17 3 0
github.com/decisiveai/mdai-event-hub/configMap.go:166.17,170.11 2 0
github.com/decisiveai/mdai-event-hub/configMap.go:171.31,173.29 2 0
github.com/decisiveai/mdai-event-hub/configMap.go:173.29,175.6 1 0
github.com/decisiveai/mdai-event-hub/configMap.go:176.24,177.11 1 0
github.com/decisiveai/mdai-event-hub/configMap.go:179.4,179.12 1 0
github.com/decisiveai/mdai-event-hub/configMap.go:182.3,186.43 3 0
github.com/decisiveai/mdai-event-hub/configMap.go:186.43,187.26 1 0
github.com/decisiveai/mdai-event-hub/configMap.go:187.26,190.5 2 0
github.com/decisiveai/mdai-event-hub/configMap.go:192.4,192.22 1 0
github.com/decisiveai/mdai-event-hub/configMap.go:193.29,195.12 2 0
github.com/decisiveai/mdai-event-hub/configMap.go:195.12,197.14 2 0
github.com/decisiveai/mdai-event-hub/configMap.go:200.5,206.55 5 0
github.com/decisiveai/mdai-event-hub/configMap.go:208.19,209.65 1 0
github.com/decisiveai/mdai-event-hub/configMap.go:214.3,214.85 1 0
github.com/decisiveai/mdai-event-hub/configMap.go:218.70,220.16 2 0
github.com/decisiveai/mdai-event-hub/configMap.go:220.16,222.3 1 0
github.com/decisiveai/mdai-event-hub/configMap.go:224.2,230.12 6 0
github.com/decisiveai/mdai-event-hub/configMap_mock.go:27.54,29.109 1 1
github.com/decisiveai/mdai-event-hub/configMap_mock.go:29.109,31.4 1 0
github.com/decisiveai/mdai-event-hub/configMap_mock.go:32.33,32.34 0 0
github.com/decisiveai/mdai-event-hub/configMap_mock.go:33.47,33.48 0 0
github.com/decisiveai/mdai-event-hub/configMap_mock.go:40.128,43.58 2 1
github.com/decisiveai/mdai-event-hub/configMap_mock.go:43.58,45.3 1 1
github.com/decisiveai/mdai-event-hub/configMap_mock.go:47.2,47.47 1 0
github.com/decisiveai/mdai-event-hub/configMap_mock.go:50.42,53.2 2 0
github.com/decisiveai/mdai-event-hub/configMap_mock.go:55.65,58.2 2 0
github.com/decisiveai/mdai-event-hub/configMap_mock.go:60.102,62.2 1 1
github.com/decisiveai/mdai-event-hub/configMap_mock.go:65.76,67.43 2 0
github.com/decisiveai/mdai-event-hub/configMap_mock.go:67.43,68.22 1 0
github.com/decisiveai/mdai-event-hub/configMap_mock.go:68.22,70.4 1 0
github.com/decisiveai/mdai-event-hub/configMap_mock.go:72.2,72.14 1 0
github.com/decisiveai/mdai-event-hub/configMap_mock.go:75.56,77.2 1 0
github.com/decisiveai/mdai-event-hub/configMap_mock.go:79.65,81.2 1 0
github.com/decisiveai/mdai-event-hub/configMap_mock.go:83.40,88.2 4 0
github.com/decisiveai/mdai-event-hub/handlers.go:28.84,32.16 3 0
github.com/decisiveai/mdai-event-hub/handlers.go:32.16,34.3 1 0
github.com/decisiveai/mdai-event-hub/handlers.go:36.2,36.25 1 0
github.com/decisiveai/mdai-event-hub/handlers.go:39.94,40.30 1 0
github.com/decisiveai/mdai-event-hub/handlers.go:40.30,42.3 1 0
github.com/decisiveai/mdai-event-hub/handlers.go:43.2,43.21 1 0
github.com/decisiveai/mdai-event-hub/handlers.go:46.105,49.16 3 0
github.com/decisiveai/mdai-event-hub/handlers.go:49.16,51.3 1 0
github.com/decisiveai/mdai-event-hub/handlers.go:52.2,62.14 7 0
github.com/decisiveai/mdai-event-hub/handlers.go:63.16,64.101 1 0
github.com/decisiveai/mdai-event-hub/handlers.go:64.101,66.4 1 0
github.com/decisiveai/mdai-event-hub/handlers.go:67.18,68.106 1 0
github.com/decisiveai/mdai-event-hub/handlers.go:68.106,70.4 1 0
github.com/decisiveai/mdai-event-hub/handlers.go:71.10,72.54 1 0
github.com/decisiveai/mdai-event-hub/handlers.go:74.2,74.12 1 0
github.com/decisiveai/mdai-event-hub/handlers.go:77.109,80.16 3 0
github.com/decisiveai/mdai-event-hub/handlers.go:80.16,82.3 1 0
github.com/decisiveai/mdai-event-hub/handlers.go:83.2,90.94 5 0
github.com/decisiveai/mdai-event-hub/handlers.go:90.94,92.3 1 0
github.com/decisiveai/mdai-event-hub/handlers.go:95.2,95.12 1 0
github.com/decisiveai/mdai-event-hub/handlers.go:98.114,101.16 3 0
github.com/decisiveai/mdai-event-hub/handlers.go:101.16,103.3 1 0
github.com/decisiveai/mdai-event-hub/handlers.go:104.2,111.99 5 0
github.com/decisiveai/mdai-event-hub/handlers.go:111.99,113.3 1 0
github.com/decisiveai/mdai-event-hub/handlers.go:116.2,116.12 1 0
github.com/decisiveai/mdai-event-hub/main.go:38.13,54.2 7 1
github.com/decisiveai/mdai-event-hub/main.go:57.143,64.46 3 1
github.com/decisiveai/mdai-event-hub/main.go:64.46,66.20 2 1
github.com/decisiveai/mdai-event-hub/main.go:66.20,68.4 1 1
github.com/decisiveai/mdai-event-hub/main.go:69.3,72.17 3 1
github.com/decisiveai/mdai-event-hub/main.go:72.17,74.4 1 0
github.com/decisiveai/mdai-event-hub/main.go:76.3,79.58 3 1
github.com/decisiveai/mdai-event-hub/main.go:79.58,81.44 2 1
github.com/decisiveai/mdai-event-hub/main.go:81.44,83.19 2 1
github.com/decisiveai/mdai-event-hub/main.go:83.19,85.6 1 0
github.com/decisiveai/mdai-event-hub/main.go:88.9,88.77 1 1
github.com/decisiveai/mdai-event-hub/main.go:88.77,89.61 1 1
github.com/decisiveai/mdai-event-hub/main.go:89.61,91.45 2 1
github.com/decisiveai/mdai-event-hub/main.go:91.45,93.20 2 1
github.com/decisiveai/mdai-event-hub/main.go:93.20,95.7 1 0
github.com/decisiveai/mdai-event-hub/main.go:100.3,100.21 1 1
github.com/decisiveai/mdai-event-hub/main.go:100.21,103.4 2 1
github.com/decisiveai/mdai-event-hub/main.go:104.3,104.13 1 1
github.com/decisiveai/mdai-event-hub/main.go:108.112,112.65 3 1
github.com/decisiveai/mdai-event-hub/main.go:112.65,115.17 2 1
github.com/decisiveai/mdai-event-hub/main.go:115.17,117.4 1 0
github.com/decisiveai/mdai-event-hub/main.go:118.3,118.13 1 1
github.com/decisiveai/mdai-event-hub/main.go:120.2,120.60 1 1
github.com/decisiveai/mdai-event-hub/main.go:123.65,124.48 1 0
github.com/decisiveai/mdai-event-hub/main.go:124.48,126.3 1 0
github.com/decisiveai/mdai-event-hub/main.go:127.2,127.21 1 0
github.com/decisiveai/mdai-event-hub/main.go:130.13,136.16 4 0
github.com/decisiveai/mdai-event-hub/main.go:136.16,138.3 1 0
github.com/decisiveai/mdai-event-hub/main.go:140.2,141.16 2 0
github.com/decisiveai/mdai-event-hub/main.go:141.16,143.3 1 0
github.com/decisiveai/mdai-event-hub/main.go:144.2,147.16 3 0
github.com/decisiveai/mdai-event-hub/main.go:147.16,149.3 1 0
github.com/decisiveai/mdai-event-hub/main.go:150.2,154.16 3 0
github.com/decisiveai/mdai-event-hub/main.go:154.16,156.3 1 0
github.com/decisiveai/mdai-event-hub/main.go:158.2,158.38 1 0
github.com/decisiveai/mdai-event-hub/main.go:161.87,167.47 4 0
github.com/decisiveai/mdai-event-hub/main.go:167.47,172.3 1 0
github.com/decisiveai/mdai-event-hub/main.go:174.2,181.3 1 0
github.com/decisiveai/mdai-event-hub/main.go:184.96,198.60 5 0
github.com/decisiveai/mdai-event-hub/main.go:198.60,200.3 1 0
github.com/decisiveai/mdai-event-hub/main.go:202.2,209.3 1 0
github.com/decisiveai/mdai-event-hub/retry_utils.go:21.14,27.38 2 0
github.com/decisiveai/mdai-event-hub/retry_utils.go:27.38,30.17 3 0
github.com/decisiveai/mdai-event-hub/retry_utils.go:30.17,33.4 2 0
github.com/decisiveai/mdai-event-hub/retry_utils.go:34.3,35.17 2 0
github.com/decisiveai/mdai-event-hub/retry_utils.go:38.2,38.56 1 0
github.com/decisiveai/mdai-event-hub/retry_utils.go:38.56,43.3 1 0
github.com/decisiveai/mdai-event-hub/retry_utils.go:45.2,51.47 3 0
github.com/decisiveai/mdai-event-hub/retry_utils.go:51.47,55.3 3 0
github.com/decisiveai/mdai-event-hub/retry_utils.go:57.2,57.20 1 0
github.com/decisiveai/mdai-event-hub/eventing/eventing.go:22.108,24.16 2 0
github.com/decisiveai/mdai-event-hub/eventing/eventing.go:24.16,26.3 1 0
github.com/decisiveai/mdai-event-hub/eventing/eventing.go:28.2,29.16 2 0
github.com/decisiveai/mdai-event-hub/eventing/eventing.go:29.16,30.48 1 0
github.com/decisiveai/mdai-event-hub/eventing/eventing.go:30.48,32.4 1 0
github.com/decisiveai/mdai-event-hub/eventing/eventing.go:33.3,33.60 1 0
github.com/decisiveai/mdai-event-hub/eventing/eventing.go:36.2,44.16 2 0
github.com/decisiveai/mdai-event-hub/eventing/eventing.go:44.16,45.46 1 0
github.com/decisiveai/mdai-event-hub/eventing/eventing.go:45.46,47.4 1 0
github.com/decisiveai/mdai-event-hub/eventing/eventing.go:48.3,48.48 1 0
github.com/decisiveai/mdai-event-hub/eventing/eventing.go:48.48,50.4 1 0
github.com/decisiveai/mdai-event-hub/eventing/eventing.go:51.3,51.61 1 0
github.com/decisiveai/mdai-event-hub/eventing/eventing.go:54.2,61.8 1 0
github.com/decisiveai/mdai-event-hub/eventing/eventing.go:65.28,69.17 3 0
github.com/decisiveai/mdai-event-hub/eventing/eventing.go:69.17,70.38 1 0
github.com/decisiveai/mdai-event-hub/eventing/eventing.go:70.38,72.4 1 0
github.com/decisiveai/mdai-event-hub/eventing/eventing.go:73.3,73.13 1 0
github.com/decisiveai/mdai-event-hub/eventing/eventing.go:75.2,75.19 1 0
github.com/decisiveai/mdai-event-hub/eventing/eventing.go:75.19,76.40 1 0
github.com/decisiveai/mdai-event-hub/eventing/eventing.go:76.40,78.4 1 0
github.com/decisiveai/mdai-event-hub/eventing/eventing.go:79.3,79.15 1 0
github.com/decisiveai/mdai-event-hub/eventing/eventing.go:82.2,83.51 2 0
github.com/decisiveai/mdai-event-hub/eventing/eventing.go:87.58,91.34 3 0
github.com/decisiveai/mdai-event-hub/eventing/eventing.go:91.34,93.3 1 0
github.com/decisiveai/mdai-event-hub/eventing/eventing.go:95.2,96.16 2 0
github.com/decisiveai/mdai-event-hub/eventing/eventing.go:96.16,98.3 1 0
github.com/decisiveai/mdai-event-hub/eventing/eventing.go:100.2,114.16 4 0
github.com/decisiveai/mdai-event-hub/eventing/eventing.go:114.16,116.3 1 0
github.com/decisiveai/mdai-event-hub/eventing/eventing.go:118.2,121.12 2 0
github.com/decisiveai/mdai-event-hub/eventing/eventing.go:125.65,127.19 2 0
github.com/decisiveai/mdai-event-hub/eventing/eventing.go:127.19,130.3 2 0
github.com/decisiveai/mdai-event-hub/eventing/eventing.go:131.2,139.16 4 0
github.com/decisiveai/mdai-event-hub/eventing/eventing.go:139.16,144.3 4 0
github.com/decisiveai/mdai-event-hub/eventing/eventing.go:146.2,155.16 2 0
github.com/decisiveai/mdai-event-hub/eventing/eventing.go:155.16,160.3 4 0
github.com/decisiveai/mdai-event-hub/eventing/eventing.go:162.2,164.12 2 0
github.com/decisiveai/mdai-event-hub/eventing/eventing.go:164.12,165.7 1 0
github.com/decisiveai/mdai-event-hub/eventing/eventing.go:165.7,166.11 1 0
github.com/decisiveai/mdai-event-hub/eventing/eventing.go:167.22,169.11 2 0
github.com/decisiveai/mdai-event-hub/eventing/eventing.go:171.34,172.19 1 0
github.com/decisiveai/mdai-event-hub/eventing/eventing.go:172.19,174.6 1 0
github.com/decisiveai/mdai-event-hub/eventing/eventing.go:174.11,176.6 1 0
github.com/decisiveai/mdai-event-hub/eventing/eventing.go:177.5,177.11 1 0
github.com/decisiveai/mdai-event-hub/eventing/eventing.go:179.25,180.12 1 0
github.com/decisiveai/mdai-event-hub/eventing/eventing.go:180.12,183.6 2 0
github.com/decisiveai/mdai-event-hub/eventing/eventing.go:185.5,191.37 3 0
github.com/decisiveai/mdai-event-hub/eventing/eventing.go:191.37,195.66 3 0
github.com/decisiveai/mdai-event-hub/eventing/eventing.go:195.66,201.49 2 0
github.com/decisiveai/mdai-event-hub/eventing/eventing.go:201.49,203.8 1 0
github.com/decisiveai/mdai-event-hub/eventing/eventing.go:204.7,204.13 1 0
github.com/decisiveai/mdai-event-hub/eventing/eventing.go:207.6,208.20 2 0
github.com/decisiveai/mdai-event-hub/eventing/eventing.go:208.20,216.52 2 0
github.com/decisiveai/mdai-event-hub/eventing/eventing.go:216.52,218.8 1 0
github.com/decisiveai/mdai-event-hub/eventing/eventing.go:219.12,220.49 1 0
github.com/decisiveai/mdai-event-hub/eventing/eventing.go:220.49,222.8 1 0
github.com/decisiveai/mdai-event-hub/eventing/eventing.go:224.7,227.45 1 0
github.com/decisiveai/mdai-event-hub/eventing/eventing.go:234.2,235.12 2 0
github.com/decisiveai/mdai-event-hub/eventing/eventing.go:238.68,240.16 2 0
github.com/decisiveai/mdai-event-hub/eventing/eventing.go:240.16,242.3 1 0
github.com/decisiveai/mdai-event-hub/eventing/eventing.go:244.2,256.12 8 0
github.com/decisiveai/mdai-event-hub/eventing/eventing.go:256.12,260.3 2 0
github.com/decisiveai/mdai-event-hub/eventing/eventing.go:262.2,262.9 1 0
github.com/decisiveai/mdai-event-hub/eventing/eventing.go:263.26,264.47 1 0
github.com/decisiveai/mdai-event-hub/eventing/eventing.go:265.37,266.103 1 0
github.com/decisiveai/mdai-event-hub/eventing/eventing.go:269.2,269.12 1 0
github.com/decisiveai/mdai-event-hub/eventing/eventing_mock.go:16.38,18.54 1 0
github.com/decisiveai/mdai-event-hub/eventing/eventing_mock.go:18.54,18.68 1 0
github.com/decisiveai/mdai-event-hub/eventing/eventing_mock.go:19.61,19.75 1 0
github.com/decisiveai/mdai-event-hub/eventing/eventing_mock.go:20.61,20.75 1 0
github.com/decisiveai/mdai-event-hub/eventing/eventing_mock.go:21.34,21.35 0 0
github.com/decisiveai/mdai-event-hub/eventing/eventing_mock.go:26.62,29.2 2 0
github.com/decisiveai/mdai-event-hub/eventing/eventing_mock.go:31.69,34.2 2 0
github.com/decisiveai/mdai-event-hub/eventing/eventing_mock.go:36.72,39.2 2 0
github.com/decisiveai/mdai-event-hub/eventing/eventing_mock.go:41.32,44.2 2 0
github.com/decisiveai/mdai-event-hub/eventing/eventing_mock.go:47.57,49.2 1 0
github.com/decisiveai/mdai-event-hub/eventing/eventing_mock.go:51.51,53.2 1 0
github.com/decisiveai/mdai-event-hub/eventing/eventing_mock.go:55.58,57.2 1 0
github.com/decisiveai/mdai-event-hub/eventing/eventing_mock.go:59.41,61.2 1 0
github.com/decisiveai/mdai-event-hub/eventing/eventing_mock.go:63.32,68.2 4 0
